INFO:azure.core.pipeline.policies.http_logging_policy:Request URL: 'https://electricitydatastore.blob.core.windows.net/cleaned-data/electricity_cleaned.csv'
Request method: 'PUT'
Request headers:
    'Content-Length': '286032'
    'x-ms-blob-type': 'REDACTED'
    'x-ms-version': 'REDACTED'
    'Content-Type': 'application/octet-stream'
    'Accept': 'application/xml'
    'User-Agent': 'azsdk-python-storage-blob/12.24.0 Python/3.10.0 (Windows-10-10.0.19045-SP0)'
    'x-ms-date': 'REDACTED'
    'x-ms-client-request-id': 'adf6fac6-c15d-11ef-9214-049226707d6a'
    'Authorization': 'REDACTED'
A body is sent with the request
INFO:azure.core.pipeline.policies.http_logging_policy:Response status: 201
Response headers:
    'Content-Length': '0'
    'Content-MD5': 'REDACTED'
    'Last-Modified': 'Mon, 23 Dec 2024 18:42:31 GMT'
    'ETag': '"0x8DD23818F03D0C9"'
    'Server': 'Windows-Azure-Blob/1.0 Microsoft-HTTPAPI/2.0'
    'x-ms-request-id': '0f20160b-201e-0019-326a-55fa2b000000'
    'x-ms-client-request-id': 'adf6fac6-c15d-11ef-9214-049226707d6a'
    'x-ms-version': 'REDACTED'
    'x-ms-content-crc64': 'REDACTED'
    'x-ms-request-server-encrypted': 'REDACTED'
    'Date': 'Mon, 23 Dec 2024 18:42:31 GMT'
INFO:root:File 'electricity_cleaned.csv' uploaded successfully to container 'cleaned-data'.
